<?xml version="1.0" encoding="UTF-8"?>
<testsuite name="ruahma.renan.task_management.TaskManagementApplicationTests" tests="1" skipped="0" failures="0" errors="0" timestamp="2024-11-27T03:39:08" hostname="DESKTOP-MMHKNQ9" time="1.247">
  <properties/>
  <testcase name="contextLoads()" classname="ruahma.renan.task_management.TaskManagementApplicationTests" time="1.247"/>
  <system-out><![CDATA[00:39:00.788 [Test worker] INFO org.springframework.test.context.support.AnnotationConfigContextLoaderUtils -- Could not detect default configuration classes for test class [ruahma.renan.task_management.TaskManagementApplicationTests]: TaskManagementApplicationTests does not declare any static, non-private, non-final, nested classes annotated with @Configuration.
00:39:00.973 [Test worker] INFO org.springframework.boot.test.context.SpringBootTestContextBootstrapper -- Found @SpringBootConfiguration ruahma.renan.task_management.TaskManagementApplication for test class ruahma.renan.task_management.TaskManagementApplicationTests

  .   ____          _            __ _ _
 /\\ / ___'_ __ _ _(_)_ __  __ _ \ \ \ \
( ( )\___ | '_ | '_| | '_ \/ _` | \ \ \ \
 \\/  ___)| |_)| | | | | || (_| |  ) ) ) )
  '  |____| .__|_| |_|_| |_\__, | / / / /
 =========|_|==============|___/=/_/_/_/

 :: Spring Boot ::                (v3.4.0)

2024-11-27T00:39:01.898-03:00  INFO 15700 --- [task_management] [    Test worker] r.r.t.TaskManagementApplicationTests     : Starting TaskManagementApplicationTests using Java 22.0.2 with PID 15700 (started by Ruahma in C:\Users\Ruahma\Documents\Fatec\Projeto-Final-POO\backend)
2024-11-27T00:39:01.902-03:00  INFO 15700 --- [task_management] [    Test worker] r.r.t.TaskManagementApplicationTests     : No active profile set, falling back to 1 default profile: "default"
2024-11-27T00:39:03.251-03:00  INFO 15700 --- [task_management] [    Test worker] .s.d.r.c.RepositoryConfigurationDelegate : Bootstrapping Spring Data JPA repositories in DEFAULT mode.
2024-11-27T00:39:03.319-03:00  INFO 15700 --- [task_management] [    Test worker] .s.d.r.c.RepositoryConfigurationDelegate : Finished Spring Data repository scanning in 23 ms. Found 0 JPA repository interfaces.
2024-11-27T00:39:04.439-03:00  INFO 15700 --- [task_management] [    Test worker] o.hibernate.jpa.internal.util.LogHelper  : HHH000204: Processing PersistenceUnitInfo [name: default]
2024-11-27T00:39:04.597-03:00  INFO 15700 --- [task_management] [    Test worker] org.hibernate.Version                    : HHH000412: Hibernate ORM core version 6.6.2.Final
2024-11-27T00:39:04.684-03:00  INFO 15700 --- [task_management] [    Test worker] o.h.c.internal.RegionFactoryInitiator    : HHH000026: Second-level cache disabled
2024-11-27T00:39:05.262-03:00  INFO 15700 --- [task_management] [    Test worker] o.s.o.j.p.SpringPersistenceUnitInfo      : No LoadTimeWeaver setup: ignoring JPA class transformer
2024-11-27T00:39:05.325-03:00  INFO 15700 --- [task_management] [    Test worker] com.zaxxer.hikari.HikariDataSource       : HikariPool-1 - Starting...
2024-11-27T00:39:05.571-03:00  INFO 15700 --- [task_management] [    Test worker] com.zaxxer.hikari.pool.HikariPool        : HikariPool-1 - Added connection com.mysql.cj.jdbc.ConnectionImpl@7878bbdb
2024-11-27T00:39:05.576-03:00  INFO 15700 --- [task_management] [    Test worker] com.zaxxer.hikari.HikariDataSource       : HikariPool-1 - Start completed.
2024-11-27T00:39:05.610-03:00  WARN 15700 --- [task_management] [    Test worker] org.hibernate.orm.deprecation            : HHH90000025: MySQL8Dialect does not need to be specified explicitly using 'hibernate.dialect' (remove the property setting and it will be selected by default)
2024-11-27T00:39:05.611-03:00  WARN 15700 --- [task_management] [    Test worker] org.hibernate.orm.deprecation            : HHH90000026: MySQL8Dialect has been deprecated; use org.hibernate.dialect.MySQLDialect instead
2024-11-27T00:39:05.640-03:00  INFO 15700 --- [task_management] [    Test worker] org.hibernate.orm.connections.pooling    : HHH10001005: Database info:
	Database JDBC URL [Connecting through datasource 'HikariDataSource (HikariPool-1)']
	Database driver: undefined/unknown
	Database version: 8.0
	Autocommit mode: undefined/unknown
	Isolation level: undefined/unknown
	Minimum pool size: undefined/unknown
	Maximum pool size: undefined/unknown
2024-11-27T00:39:07.023-03:00  INFO 15700 --- [task_management] [    Test worker] o.h.e.t.j.p.i.JtaPlatformInitiator       : HHH000489: No JTA platform available (set 'hibernate.transaction.jta.platform' to enable JTA platform integration)
2024-11-27T00:39:07.029-03:00  INFO 15700 --- [task_management] [    Test worker] j.LocalContainerEntityManagerFactoryBean : Initialized JPA EntityManagerFactory for persistence unit 'default'
2024-11-27T00:39:07.332-03:00  WARN 15700 --- [task_management] [    Test worker] JpaBaseConfiguration$JpaWebConfiguration : spring.jpa.open-in-view is enabled by default. Therefore, database queries may be performed during view rendering. Explicitly configure spring.jpa.open-in-view to disable this warning
2024-11-27T00:39:08.114-03:00  WARN 15700 --- [task_management] [    Test worker] .s.s.UserDetailsServiceAutoConfiguration : 

Using generated security password: c7a1790e-d668-4648-a06b-81ba14cd01a9

This generated password is for development use only. Your security configuration must be updated before running your application in production.

2024-11-27T00:39:08.161-03:00  INFO 15700 --- [task_management] [    Test worker] r$InitializeUserDetailsManagerConfigurer : Global AuthenticationManager configured with UserDetailsService bean with name inMemoryUserDetailsManager
2024-11-27T00:39:08.527-03:00  INFO 15700 --- [task_management] [    Test worker] r.r.t.TaskManagementApplicationTests     : Started TaskManagementApplicationTests in 7.212 seconds (process running for 9.337)
]]></system-out>
  <system-err><![CDATA[Mockito is currently self-attaching to enable the inline-mock-maker. This will no longer work in future releases of the JDK. Please add Mockito as an agent to your build what is described in Mockito's documentation: https://javadoc.io/doc/org.mockito/mockito-core/latest/org/mockito/Mockito.html#0.3
WARNING: A Java agent has been loaded dynamically (C:\Users\Ruahma\.gradle\caches\modules-2\files-2.1\net.bytebuddy\byte-buddy-agent\1.15.10\e8eb255b2c378b9a6c7341e7b0e12f0a5636377\byte-buddy-agent-1.15.10.jar)
WARNING: If a serviceability tool is in use, please run with -XX:+EnableDynamicAgentLoading to hide this warning
WARNING: If a serviceability tool is not in use, please run with -Djdk.instrument.traceUsage for more information
WARNING: Dynamic loading of agents will be disallowed by default in a future release
]]></system-err>
</testsuite>
